{"/Users/rula/Desktop/Test-CI/words.js": {"path":"/Users/rula/Desktop/Test-CI/words.js","statementMap":{"0":{"start":{"line":2,"column":4},"end":{"line":2,"column":16}},"1":{"start":{"line":6,"column":4},"end":{"line":6,"column":27}},"2":{"start":{"line":10,"column":4},"end":{"line":10,"column":38}},"3":{"start":{"line":13,"column":0},"end":{"line":13,"column":40}}},"fnMap":{"0":{"name":"returnPlus3","decl":{"start":{"line":1,"column":9},"end":{"line":1,"column":20}},"loc":{"start":{"line":1,"column":24},"end":{"line":3,"column":1}},"line":1},"1":{"name":"reverse","decl":{"start":{"line":5,"column":9},"end":{"line":5,"column":16}},"loc":{"start":{"line":5,"column":24},"end":{"line":7,"column":1}},"line":5},"2":{"name":"hello","decl":{"start":{"line":9,"column":9},"end":{"line":9,"column":14}},"loc":{"start":{"line":9,"column":18},"end":{"line":11,"column":1}},"line":9}},"branchMap":{"0":{"loc":{"start":{"line":10,"column":11},"end":{"line":10,"column":38}},"type":"cond-expr","locations":[{"start":{"line":10,"column":21},"end":{"line":10,"column":29}},{"start":{"line":10,"column":32},"end":{"line":10,"column":38}}],"line":10}},"s":{"0":1,"1":1,"2":0,"3":1},"f":{"0":1,"1":1,"2":0},"b":{"0":[0,0]},"_coverageSchema":"1a1c01bbd47fc00a2c39e90264f33305004495a9","hash":"3cf81ca1b3405aa69a6fe7ff77f9cf9c09c6db83"}
,"/Users/rula/Desktop/Test-CI/flag1/mafs.js": {"path":"/Users/rula/Desktop/Test-CI/flag1/mafs.js","statementMap":{"0":{"start":{"line":2,"column":2},"end":{"line":2,"column":15}},"1":{"start":{"line":6,"column":2},"end":{"line":6,"column":15}},"2":{"start":{"line":10,"column":2},"end":{"line":10,"column":15}},"3":{"start":{"line":16,"column":2},"end":{"line":20,"column":3}},"4":{"start":{"line":17,"column":4},"end":{"line":17,"column":17}},"5":{"start":{"line":19,"column":4},"end":{"line":19,"column":13}},"6":{"start":{"line":23,"column":0},"end":{"line":23,"column":53}}},"fnMap":{"0":{"name":"add","decl":{"start":{"line":1,"column":9},"end":{"line":1,"column":12}},"loc":{"start":{"line":1,"column":19},"end":{"line":3,"column":1}},"line":1},"1":{"name":"subtract","decl":{"start":{"line":5,"column":9},"end":{"line":5,"column":17}},"loc":{"start":{"line":5,"column":24},"end":{"line":7,"column":1}},"line":5},"2":{"name":"multiply","decl":{"start":{"line":9,"column":9},"end":{"line":9,"column":17}},"loc":{"start":{"line":9,"column":24},"end":{"line":11,"column":1}},"line":9},"3":{"name":"divide","decl":{"start":{"line":15,"column":9},"end":{"line":15,"column":15}},"loc":{"start":{"line":15,"column":22},"end":{"line":21,"column":1}},"line":15}},"branchMap":{"0":{"loc":{"start":{"line":16,"column":2},"end":{"line":20,"column":3}},"type":"if","locations":[{"start":{"line":16,"column":2},"end":{"line":20,"column":3}},{"start":{"line":18,"column":9},"end":{"line":20,"column":3}}],"line":16}},"s":{"0":1,"1":0,"2":0,"3":0,"4":0,"5":0,"6":1},"f":{"0":1,"1":0,"2":0,"3":0},"b":{"0":[0,0]},"_coverageSchema":"1a1c01bbd47fc00a2c39e90264f33305004495a9","hash":"fdf945e9d95be31fd8e2fcd0328d505ab605775d"}
,"/Users/rula/Desktop/Test-CI/flag2/words.js": {"path":"/Users/rula/Desktop/Test-CI/flag2/words.js","statementMap":{"0":{"start":{"line":2,"column":4},"end":{"line":2,"column":16}},"1":{"start":{"line":6,"column":4},"end":{"line":6,"column":27}},"2":{"start":{"line":10,"column":4},"end":{"line":10,"column":38}},"3":{"start":{"line":13,"column":0},"end":{"line":13,"column":40}}},"fnMap":{"0":{"name":"returnPlus3","decl":{"start":{"line":1,"column":9},"end":{"line":1,"column":20}},"loc":{"start":{"line":1,"column":24},"end":{"line":3,"column":1}},"line":1},"1":{"name":"reverse","decl":{"start":{"line":5,"column":9},"end":{"line":5,"column":16}},"loc":{"start":{"line":5,"column":24},"end":{"line":7,"column":1}},"line":5},"2":{"name":"hello","decl":{"start":{"line":9,"column":9},"end":{"line":9,"column":14}},"loc":{"start":{"line":9,"column":18},"end":{"line":11,"column":1}},"line":9}},"branchMap":{"0":{"loc":{"start":{"line":10,"column":11},"end":{"line":10,"column":38}},"type":"cond-expr","locations":[{"start":{"line":10,"column":21},"end":{"line":10,"column":29}},{"start":{"line":10,"column":32},"end":{"line":10,"column":38}}],"line":10}},"s":{"0":3,"1":1,"2":0,"3":1},"f":{"0":3,"1":1,"2":0},"b":{"0":[0,0]},"_coverageSchema":"1a1c01bbd47fc00a2c39e90264f33305004495a9","hash":"903db2ec803e4c8a8e18610d819ef8a17db1a1ad"}
,"/Users/rula/Desktop/Test-CI/folder/words.js": {"path":"/Users/rula/Desktop/Test-CI/folder/words.js","statementMap":{"0":{"start":{"line":2,"column":4},"end":{"line":2,"column":16}},"1":{"start":{"line":6,"column":4},"end":{"line":6,"column":27}},"2":{"start":{"line":10,"column":4},"end":{"line":10,"column":38}},"3":{"start":{"line":13,"column":0},"end":{"line":13,"column":40}}},"fnMap":{"0":{"name":"returnPlus3","decl":{"start":{"line":1,"column":9},"end":{"line":1,"column":20}},"loc":{"start":{"line":1,"column":24},"end":{"line":3,"column":1}},"line":1},"1":{"name":"reverse","decl":{"start":{"line":5,"column":9},"end":{"line":5,"column":16}},"loc":{"start":{"line":5,"column":24},"end":{"line":7,"column":1}},"line":5},"2":{"name":"hello","decl":{"start":{"line":9,"column":9},"end":{"line":9,"column":14}},"loc":{"start":{"line":9,"column":18},"end":{"line":11,"column":1}},"line":9}},"branchMap":{"0":{"loc":{"start":{"line":10,"column":11},"end":{"line":10,"column":38}},"type":"cond-expr","locations":[{"start":{"line":10,"column":21},"end":{"line":10,"column":29}},{"start":{"line":10,"column":32},"end":{"line":10,"column":38}}],"line":10}},"s":{"0":1,"1":1,"2":0,"3":1},"f":{"0":1,"1":1,"2":0},"b":{"0":[0,0]},"_coverageSchema":"1a1c01bbd47fc00a2c39e90264f33305004495a9","hash":"ce004ccd487c7654c8425452f3d9d7f71388f340"}
,"/Users/rula/Desktop/Test-CI/folder/subfolder/mafs.js": {"path":"/Users/rula/Desktop/Test-CI/folder/subfolder/mafs.js","statementMap":{"0":{"start":{"line":2,"column":4},"end":{"line":2,"column":17}},"1":{"start":{"line":6,"column":4},"end":{"line":6,"column":17}},"2":{"start":{"line":10,"column":4},"end":{"line":10,"column":17}},"3":{"start":{"line":14,"column":4},"end":{"line":18,"column":5}},"4":{"start":{"line":15,"column":8},"end":{"line":15,"column":21}},"5":{"start":{"line":17,"column":8},"end":{"line":17,"column":16}},"6":{"start":{"line":21,"column":0},"end":{"line":21,"column":51}}},"fnMap":{"0":{"name":"add","decl":{"start":{"line":1,"column":9},"end":{"line":1,"column":12}},"loc":{"start":{"line":1,"column":19},"end":{"line":3,"column":1}},"line":1},"1":{"name":"subtract","decl":{"start":{"line":5,"column":9},"end":{"line":5,"column":17}},"loc":{"start":{"line":5,"column":24},"end":{"line":7,"column":1}},"line":5},"2":{"name":"multiply","decl":{"start":{"line":9,"column":9},"end":{"line":9,"column":17}},"loc":{"start":{"line":9,"column":24},"end":{"line":11,"column":1}},"line":9},"3":{"name":"divide","decl":{"start":{"line":13,"column":9},"end":{"line":13,"column":15}},"loc":{"start":{"line":13,"column":22},"end":{"line":19,"column":1}},"line":13}},"branchMap":{"0":{"loc":{"start":{"line":14,"column":4},"end":{"line":18,"column":5}},"type":"if","locations":[{"start":{"line":14,"column":4},"end":{"line":18,"column":5}},{"start":{"line":16,"column":11},"end":{"line":18,"column":5}}],"line":14}},"s":{"0":1,"1":1,"2":1,"3":2,"4":1,"5":1,"6":1},"f":{"0":1,"1":1,"2":1,"3":2},"b":{"0":[1,1]},"_coverageSchema":"1a1c01bbd47fc00a2c39e90264f33305004495a9","hash":"582818e68d1510f3853d58b5b6b72b7155f49d25"}
,"/Users/rula/Desktop/Test-CI/folder/subfolder/words.js": {"path":"/Users/rula/Desktop/Test-CI/folder/subfolder/words.js","statementMap":{"0":{"start":{"line":2,"column":4},"end":{"line":2,"column":16}},"1":{"start":{"line":6,"column":4},"end":{"line":6,"column":27}},"2":{"start":{"line":10,"column":4},"end":{"line":10,"column":38}},"3":{"start":{"line":13,"column":0},"end":{"line":13,"column":40}}},"fnMap":{"0":{"name":"returnPlus3","decl":{"start":{"line":1,"column":9},"end":{"line":1,"column":20}},"loc":{"start":{"line":1,"column":24},"end":{"line":3,"column":1}},"line":1},"1":{"name":"reverse","decl":{"start":{"line":5,"column":9},"end":{"line":5,"column":16}},"loc":{"start":{"line":5,"column":24},"end":{"line":7,"column":1}},"line":5},"2":{"name":"hello","decl":{"start":{"line":9,"column":9},"end":{"line":9,"column":14}},"loc":{"start":{"line":9,"column":18},"end":{"line":11,"column":1}},"line":9}},"branchMap":{"0":{"loc":{"start":{"line":10,"column":11},"end":{"line":10,"column":38}},"type":"cond-expr","locations":[{"start":{"line":10,"column":21},"end":{"line":10,"column":29}},{"start":{"line":10,"column":32},"end":{"line":10,"column":38}}],"line":10}},"s":{"0":1,"1":1,"2":0,"3":1},"f":{"0":1,"1":1,"2":0},"b":{"0":[0,0]},"_coverageSchema":"1a1c01bbd47fc00a2c39e90264f33305004495a9","hash":"054f44bcea83c74f95d4b1d86567ce316f21d23b"}
}
